Array
(
    [product_id] => ANDROID_A3_064
    [quantity_sold] => 1
)
Array
(
    [product_id] => ANDROID_A3_064
    [quantity_sold] => 1
    [deduct_stock] => 
)
Array
(
)
Array
(
    [product_id] => IPHONE_8_128GB
    [quantity_sold] => 1
    [deduct_stock] => 
)
Array
(
    [product_id] => IPHONE_8_128GB
    [quantity_sold] => 1
    [deduct_stock] => 
)
Array
(
    [product_id] => IPHONE_8_128GB
    [quantity_sold] => 1
    [deduct_stock] => 
)
Array
(
    [product_id] => IPHONE_8_128GB
    [quantity_sold] => 1
    [deduct_stock] => 
)
Array
(
)
Array
(
    [product_id] => AIRPODS_GEN2
    [quantity_sold] => 1
    [deduct_stock] => 
)
Array
(
    [product_id] => AIRPODS_GEN3
    [quantity_sold] => 1
    [deduct_stock] => 
)
Array
(
    [product_id] => AIRPODS_GEN3
    [quantity_sold] => 1
    [deduct_stock] => 
)
Array
(
    [product_id] => AIRPODS_GEN3
    [quantity_sold] => 1
    [deduct_stock] => 
)
Array
(
    [product_id] => ANDROID_A3_064
    [quantity_sold] => 1
    [deduct_stock] => 
)
Array
(
    [product_id] => ANDROID_A3_064
    [quantity_sold] => 1
    [deduct_stock] => 
)
Array
(
    [product_id] => ANDROID_A3_064
    [quantity_sold] => 1
    [deduct_stock] => 
)
Array
(
    [product_id] => ANDROID_A3_064
    [quantity_sold] => 1
    [deduct_stock] => 
)
Array
(
    [product_id] => ANDROID_A3_064
    [quantity_sold] => 1
    [deduct_stock] => 
)
Array
(
)
Array
(
    [product_id] => AIRPODS_GEN3
    [quantity_sold] => 1
    [deduct_stock] => 
)
Array
(
    [product_id] => AIRPODS_GEN3
    [quantity_sold] => 1
    [deduct_stock] => 
)
Array
(
    [product_id] => AIRPODS_GEN3
    [quantity_sold] => 1
)
Array
(
    [product_id] => AIRPODS_GEN3
    [quantity_sold] => 1
)
Array
(
    [product_id] => AIRPODS_GEN3
    [quantity_sold] => 1
)
Array
(
    [product_id] => AIRPODS_GEN3
    [quantity_sold] => 1
)
Array
(
    [product_id] => AIRPODS_GEN3
    [quantity_sold] => 1
)
Array
(
    [product_id] => AIRPODS_GEN3
    [quantity_sold] => 1
)
Array
(
    [product_id] => AIRPODS_GEN3
    [quantity_sold] => 1
)
Array
(
    [product_id] => AIRPODS_GEN3
    [quantity_sold] => 1
)
Array
(
    [product_id] => AIRPODS_GEN3
    [quantity_sold] => 1
)
Array
(
    [product_id] => AIRPODS_GEN3
    [quantity_sold] => 1
)
Array
(
    [product_id] => AIRPODS_GEN3
    [quantity_sold] => 1
)
Array
(
    [product_id] => AIRPODS_GEN3
    [quantity_sold] => 1
)
Array
(
    [product_id] => AIRPODS_GEN3
    [quantity_sold] => 1
)
Array
(
    [product_id] => AIRPODS_GEN3
    [quantity_sold] => 1
)
Array
(
    [product_id] => AIRPODS_GEN3
    [quantity_sold] => 1
    [deduct_stock] => 
)
Array
(
    [product_id] => AIRPODS_GEN3
    [quantity_sold] => 1
    [deduct_stock] => 
)
Array
(
    [product_id] => AIRPODS_GEN3
    [quantity_sold] => 1
    [deduct_stock] => 
)
Array
(
)
Array
(
)
Array
(
    [product_id] => IPAD_6THGEN_128
    [quantity_sold] => 1
    [deduct_stock] => 
)
Array
(
)
Array
(
    [product_id] => IPAD_AIR1_064
    [quantity_sold] => 1
    [deduct_stock] => 
)
Array
(
    [product_id] => IPAD_AIR1_064
    [quantity_sold] => 1
    [deduct_stock] => 
)
Array
(
)
Array
(
)
Array
(
)
Array
(
    [product_id] => AIRPODS_GEN2
    [quantity_sold] => 1
    [deduct_stock] => 
)
Array
(
)
Array
(
)
Array
(
)
Array
(
)
Array
(
)
Array
(
)
Array
(
)
Array
(
    [product_id] => AIRPODS_GEN3
    [quantity_sold] => 1
    [deduct_stock] => 
)
Array
(
    [product_id] => AIRPODS_GEN3
    [quantity_sold] => 1
    [deduct_stock] => 
)
Array
(
    [product_id] => AIRPODS_GEN3
    [quantity_sold] => 1
    [deduct_stock] => 
)
Array
(
    [product_id] => AIRPODS_GEN2
    [quantity_sold] => 1
    [deduct_stock] => 
)
Array
(
    [product_id] => AIRPODS_GEN2
    [quantity_sold] => 1
    [deduct_stock] => 
)
Array
(
    [product_id] => AIRPODS_GEN2
    [quantity_sold] => 1
    [deduct_stock] => 
)
Array
(
    [product_id] => AIRPODS_GEN2
    [quantity_sold] => 1
    [deduct_stock] => 
)
Array
(
)
Array
(
    [product_id] => ANDROID_X6_128
    [quantity_sold] => 1
    [deduct_stock] => 
)
Array
(
    [product_id] => ANDROID_X6_128
    [quantity_sold] => 1
    [deduct_stock] => 
)
Array
(
    [product_id] => ANDROID_X6_128
    [quantity_sold] => 1
    [deduct_stock] => 
)
Array
(
)
Array
(
    [product_id] => ANDROID_X6_128
    [quantity_sold] => 1
    [deduct_stock] => 
)
Array
(
    [product_id] => ANDROID_A3X_064
    [quantity_sold] => 1
    [deduct_stock] => 
)
Array
(
)
Array
(
)
Array
(
    [product_id] => AIRPODS_GEN3
    [quantity_sold] => 1
    [deduct_stock] => 
)
Array
(
)
Array
(
)
Array
(
)
Array
(
)
Array
(
)
Array
(
)
Array
(
)
Array
(
)
Array
(
)
Array
(
)
Array
(
)
Array
(
)
Array
(
)
Array
(
)
Array
(
    [product_id] => ANDROID_Y19S_256
    [quantity_sold] => 2
    [deduct_stock] => 
)
Array
(
    [product_id] => ANDROID_Y19S_256
    [quantity_sold] => 2
    [deduct_stock] => 
)
Array
(
    [product_id] => ANDROID_GALA06_128
    [quantity_sold] => 1
    [deduct_stock] => 
)
Array
(
)
Array
(
    [product_id] => IPHONE_7_256GB
    [quantity_sold] => 1
    [deduct_stock] => 
)
Array
(
    [product_id] => IPHONE_7_256GB
    [quantity_sold] => 1
    [deduct_stock] => 
)
Array
(
)
Array
(
)
Array
(
)
Array
(
    [product_id] => ANDROID_A3_064
    [quantity_sold] => 1
    [deduct_stock] => 
)
Array
(
    [product_id] => ANDROID_Y04_128
    [quantity_sold] => 1
    [deduct_stock] => 
)
Array
(
    [product_id] => AIRPODS_PRO2
    [quantity_sold] => 1
    [deduct_stock] => 
)
Array
(
    [product_id] => ANDROID_A3_064
    [quantity_sold] => 1
    [deduct_stock] => 
)
Array
(
    [product_id] => ANDROID_A3_064
    [quantity_sold] => 1
    [deduct_stock] => 
)
Array
(
)
Array
(
    [product_id] => AIRPODS_PRO2
    [quantity_sold] => 1
    [deduct_stock] => 
)
Array
(
    [product_id] => AIRPODS_PRO2
    [quantity_sold] => 1
    [deduct_stock] => 
)
Array
(
)
Array
(
    [product_id] => AIRPODS_GEN2
    [quantity_sold] => 1
    [deduct_stock] => 
)
Array
(
    [product_id] => AIRPODS_GEN2
    [quantity_sold] => 1
    [deduct_stock] => 
)
Array
(
)
Array
(
    [product_id] => AIRPODS_PRO2
    [quantity_sold] => 1
    [deduct_stock] => 
)
Array
(
    [product_id] => ANDROID_A3_064
    [quantity_sold] => 1
    [deduct_stock] => 
)
Array
(
    [product_id] => AIRPODS_GEN2
    [quantity_sold] => 2
    [deduct_stock] => 
)
Array
(
)
Array
(
    [product_id] => AIRPODS_GEN2
    [quantity_sold] => 1
    [deduct_stock] => 
)
Array
(
    [product_id] => AIRPODS_GEN3
    [quantity_sold] => 1
    [deduct_stock] => 
)
Array
(
    [product_id] => AIRPODS_PRO2
    [quantity_sold] => 1
    [deduct_stock] => 
)
Array
(
    [product_id] => AIRPODS_PRO2
    [quantity_sold] => 1
    [deduct_stock] => 
)
Array
(
)
Array
(
    [product_id] => AIRPODS_PRO2
    [quantity_sold] => 1
    [deduct_stock] => 
)
Array
(
    [product_id] => ANDROID_X6_128
    [quantity_sold] => 1
    [deduct_stock] => 
)
Array
(
    [product_id] => ANDROID_A3_064
    [quantity_sold] => 1
    [deduct_stock] => 
)
Array
(
    [product_id] => ANDROID_A3_064
    [quantity_sold] => 1
    [deduct_stock] => 
)
Array
(
    [product_id] => ANDROID_X6_128
    [quantity_sold] => 1
    [deduct_stock] => 
)
Array
(
    [product_id] => ANDROID_X6_128
    [quantity_sold] => 1
    [deduct_stock] => 
)
Array
(
)
Array
(
)
Array
(
    [product_id] => AIRPODS_GEN3
    [quantity_sold] => 2
    [deduct_stock] => 
)
Array
(
)
Array
(
)
Array
(
)
Array
(
)
