[24-May-2025 12:03:08 Europe/Berlin] PHP Error: Call to undefined method PDOStatement::bind_param()
#0 {main}
[24-May-2025 12:05:36 Europe/Berlin] Reservation error: SQLSTATE[08S01]: Communication link failure: 1153 Got a packet bigger than 'max_allowed_packet' bytes
#0 C:\xampp\htdocs\admin\api\reservation.php(128): PDOStatement->execute(Array)
#1 {main}
[24-May-2025 13:06:15 Europe/Berlin] Reservation error: Payment plus balance must equal the product price
#0 {main}
[24-May-2025 13:07:11 Europe/Berlin] Reservation error: Payment plus balance must equal the product price
#0 {main}
[24-May-2025 13:09:43 Europe/Berlin] Reservation error: SQLSTATE[42S22]: Column not found: 1054 Unknown column 'down_payment' in 'field list'
#0 C:\xampp\htdocs\admin\api\reservation.php(158): PDO->prepare('\r\n        INSER...')
#1 {main}
[24-May-2025 13:15:44 Europe/Berlin] PHP Warning:  Undefined array key "down_payment" in C:\xampp\htdocs\admin\api\reservation.php on line 114
[24-May-2025 13:15:54 Europe/Berlin] PHP Warning:  Undefined array key "down_payment" in C:\xampp\htdocs\admin\api\reservation.php on line 114
[24-May-2025 13:17:06 Europe/Berlin] PHP Warning:  Undefined array key "down_payment" in C:\xampp\htdocs\admin\api\reservation.php on line 154
[24-May-2025 13:17:06 Europe/Berlin] Reservation error: SQLSTATE[42S22]: Column not found: 1054 Unknown column 'down_payment' in 'field list'
#0 C:\xampp\htdocs\admin\api\reservation.php(159): PDO->prepare('\r\n        INSER...')
#1 {main}
[24-May-2025 13:19:45 Europe/Berlin] PHP Warning:  Undefined array key "down_payment" in C:\xampp\htdocs\admin\api\reservation.php on line 154
[24-May-2025 13:19:45 Europe/Berlin] Reservation error: SQLSTATE[42S22]: Column not found: 1054 Unknown column 'down_payment' in 'field list'
#0 C:\xampp\htdocs\admin\api\reservation.php(159): PDO->prepare('\r\n        INSER...')
#1 {main}
[24-May-2025 13:20:07 Europe/Berlin] PHP Warning:  Undefined array key "down_payment" in C:\xampp\htdocs\admin\api\reservation.php on line 154
[24-May-2025 13:20:07 Europe/Berlin] Reservation error: SQLSTATE[42S22]: Column not found: 1054 Unknown column 'down_payment' in 'field list'
#0 C:\xampp\htdocs\admin\api\reservation.php(159): PDO->prepare('\r\n        INSER...')
#1 {main}
[24-May-2025 13:20:15 Europe/Berlin] PHP Warning:  Undefined array key "down_payment" in C:\xampp\htdocs\admin\api\reservation.php on line 154
[24-May-2025 13:20:15 Europe/Berlin] Reservation error: SQLSTATE[42S22]: Column not found: 1054 Unknown column 'down_payment' in 'field list'
#0 C:\xampp\htdocs\admin\api\reservation.php(159): PDO->prepare('\r\n        INSER...')
#1 {main}
[24-May-2025 13:23:26 Europe/Berlin] PHP Warning:  Undefined array key "down_payment" in C:\xampp\htdocs\admin\api\reservation.php on line 154
[24-May-2025 13:23:26 Europe/Berlin] Reservation error: SQLSTATE[42S22]: Column not found: 1054 Unknown column 'down_payment' in 'field list'
#0 C:\xampp\htdocs\admin\api\reservation.php(159): PDO->prepare('\r\n        INSER...')
#1 {main}
[24-May-2025 13:27:14 Europe/Berlin] PHP Warning:  Undefined array key "down_payment" in C:\xampp\htdocs\admin\api\reservation.php on line 154
[24-May-2025 13:27:14 Europe/Berlin] Reservation error: SQLSTATE[42S22]: Column not found: 1054 Unknown column 'down_payment' in 'field list'
#0 C:\xampp\htdocs\admin\api\reservation.php(159): PDO->prepare('\r\n        INSER...')
#1 {main}
[24-May-2025 13:42:17 Europe/Berlin] PHP Warning:  Undefined array key "down_payment" in C:\xampp\htdocs\admin\api\reservation.php on line 154
[24-May-2025 13:42:17 Europe/Berlin] Reservation error: SQLSTATE[42S22]: Column not found: 1054 Unknown column 'down_payment' in 'field list'
#0 C:\xampp\htdocs\admin\api\reservation.php(159): PDO->prepare('\r\n        INSER...')
#1 {main}
[24-May-2025 13:44:03 Europe/Berlin] PHP Warning:  Undefined array key "down_payment" in C:\xampp\htdocs\admin\api\reservation.php on line 154
[24-May-2025 13:46:53 Europe/Berlin] PHP Warning:  Undefined array key "down_payment" in C:\xampp\htdocs\admin\api\reservation.php on line 154
[24-May-2025 13:48:21 Europe/Berlin] PHP Warning:  Undefined array key "down_payment" in C:\xampp\htdocs\admin\api\reservation.php on line 154
[26-May-2025 06:06:43 Europe/Berlin] PHP Warning:  Undefined array key "down_payment" in C:\xampp\htdocs\admin\api\reservation.php on line 154
[26-May-2025 06:17:41 Europe/Berlin] PHP Warning:  Undefined array key "down_payment" in C:\xampp\htdocs\admin\api\reservation.php on line 154
[26-May-2025 07:30:53 Europe/Berlin] PHP Warning:  Undefined array key "down_payment" in C:\xampp\htdocs\admin\api\reservation.php on line 154
[26-May-2025 07:30:53 Europe/Berlin] Reservation error: SQLSTATE[42S02]: Base table or view not found: 1146 Table 'admin.reservation' doesn't exist
#0 C:\xampp\htdocs\admin\api\reservation.php(159): PDO->prepare('\r\n        INSER...')
#1 {main}
[26-May-2025 07:31:13 Europe/Berlin] PHP Warning:  Undefined array key "down_payment" in C:\xampp\htdocs\admin\api\reservation.php on line 154
[26-May-2025 07:31:13 Europe/Berlin] Reservation error: SQLSTATE[42S02]: Base table or view not found: 1146 Table 'admin.reservation' doesn't exist
#0 C:\xampp\htdocs\admin\api\reservation.php(159): PDO->prepare('\r\n        INSER...')
#1 {main}
[26-May-2025 07:31:32 Europe/Berlin] PHP Warning:  Undefined array key "down_payment" in C:\xampp\htdocs\admin\api\reservation.php on line 154
[26-May-2025 07:31:32 Europe/Berlin] Reservation error: SQLSTATE[42S02]: Base table or view not found: 1146 Table 'admin.reservation' doesn't exist
#0 C:\xampp\htdocs\admin\api\reservation.php(159): PDO->prepare('\r\n        INSER...')
#1 {main}
[26-May-2025 07:32:28 Europe/Berlin] PHP Warning:  Undefined array key "down_payment" in C:\xampp\htdocs\admin\api\reservation.php on line 154
[26-May-2025 07:32:28 Europe/Berlin] Reservation error: SQLSTATE[42S02]: Base table or view not found: 1146 Table 'admin.reservation' doesn't exist
#0 C:\xampp\htdocs\admin\api\reservation.php(159): PDO->prepare('\r\n        INSER...')
#1 {main}
[26-May-2025 07:32:35 Europe/Berlin] PHP Warning:  Undefined array key "down_payment" in C:\xampp\htdocs\admin\api\reservation.php on line 154
[26-May-2025 07:32:35 Europe/Berlin] Reservation error: SQLSTATE[42S02]: Base table or view not found: 1146 Table 'admin.reservation' doesn't exist
#0 C:\xampp\htdocs\admin\api\reservation.php(159): PDO->prepare('\r\n        INSER...')
#1 {main}
[26-May-2025 07:33:10 Europe/Berlin] PHP Warning:  Undefined array key "down_payment" in C:\xampp\htdocs\admin\api\reservation.php on line 154
[26-May-2025 07:33:10 Europe/Berlin] Reservation error: SQLSTATE[42S02]: Base table or view not found: 1146 Table 'admin.reservation' doesn't exist
#0 C:\xampp\htdocs\admin\api\reservation.php(159): PDO->prepare('\r\n        INSER...')
#1 {main}
[26-May-2025 07:34:19 Europe/Berlin] PHP Warning:  Undefined array key "down_payment" in C:\xampp\htdocs\admin\api\reservation.php on line 154
[26-May-2025 07:35:41 Europe/Berlin] PHP Warning:  Undefined array key "down_payment" in C:\xampp\htdocs\admin\api\reservation.php on line 154
[26-May-2025 16:18:23 Europe/Berlin] PHP Warning:  Undefined array key "down_payment" in C:\xampp\htdocs\admin\api\reservation.php on line 154
[26-May-2025 16:25:07 Europe/Berlin] PHP Warning:  Undefined array key "down_payment" in C:\xampp\htdocs\admin\api\reservation.php on line 154
[26-May-2025 16:37:57 Europe/Berlin] PHP Warning:  Undefined array key "down_payment" in C:\xampp\htdocs\admin\api\reservation.php on line 154
[28-May-2025 09:46:03 Europe/Berlin] Reservation error: SQLSTATE[42S22]: Column not found: 1054 Unknown column 'created_at' in 'field list'
#0 C:\xampp\htdocs\admin\api\reservation.php(163): PDO->prepare('\r\n        INSER...')
#1 {main}
[28-May-2025 09:46:30 Europe/Berlin] Reservation error: SQLSTATE[42S22]: Column not found: 1054 Unknown column 'created_at' in 'field list'
#0 C:\xampp\htdocs\admin\api\reservation.php(163): PDO->prepare('\r\n        INSER...')
#1 {main}
[28-May-2025 11:28:44 Europe/Berlin] Reservation error: SQLSTATE[42S22]: Column not found: 1054 Unknown column 'product_image' in 'field list'
#0 C:\xampp\htdocs\admin\api\reservation.php(143): PDO->prepare('\r\n        INSER...')
#1 {main}
